\BOOKMARK [1][-]{section.1}{Introduction}{}% 1
\BOOKMARK [1][-]{section.2}{Submission of a new manuscript for review}{}% 2
\BOOKMARK [2][-]{subsection.2.1}{TIE checklist for manuscript submissions}{section.2}% 3
\BOOKMARK [1][-]{section.3}{Submission of a Revised Manuscript for Review}{}% 4
\BOOKMARK [1][-]{section.4}{Submission of a Final Manuscript}{}% 5
\BOOKMARK [2][-]{subsection.4.1}{Final files:}{section.4}% 6
\BOOKMARK [1][-]{section.5}{Guidelines for Manuscript Preparation}{}% 7
\BOOKMARK [2][-]{subsection.5.1}{Abbreviations and Acronyms}{section.5}% 8
\BOOKMARK [2][-]{subsection.5.2}{Other Recommendations}{section.5}% 9
\BOOKMARK [1][-]{section.6}{Maths}{}% 10
\BOOKMARK [2][-]{subsection.6.1}{Equations}{section.6}% 11
\BOOKMARK [1][-]{section.7}{Units}{}% 12
\BOOKMARK [1][-]{section.8}{Guidelines for Graphics Preparation and Submission}{}% 13
\BOOKMARK [2][-]{subsection.8.1}{Types of Graphics}{section.8}% 14
\BOOKMARK [2][-]{subsection.8.2}{Multipart figures}{section.8}% 15
\BOOKMARK [2][-]{subsection.8.3}{File Formats For Graphics}{section.8}% 16
\BOOKMARK [2][-]{subsection.8.4}{Sizing of Graphics}{section.8}% 17
\BOOKMARK [2][-]{subsection.8.5}{Resolution}{section.8}% 18
\BOOKMARK [2][-]{subsection.8.6}{Vector Art}{section.8}% 19
\BOOKMARK [2][-]{subsection.8.7}{Color Space}{section.8}% 20
\BOOKMARK [2][-]{subsection.8.8}{Accepted Fonts Within Figures}{section.8}% 21
\BOOKMARK [2][-]{subsection.8.9}{Using Labels Within Figures}{section.8}% 22
\BOOKMARK [2][-]{subsection.8.10}{Referencing a Figure or Table Within Your Paper}{section.8}% 23
\BOOKMARK [2][-]{subsection.8.11}{Checking Your Figures: The IEEE Graphics Checker}{section.8}% 24
\BOOKMARK [2][-]{subsection.8.12}{Submitting Your Graphics}{section.8}% 25
\BOOKMARK [2][-]{subsection.8.13}{Color Processing / Printing in IEEE Journals}{section.8}% 26
\BOOKMARK [1][-]{section.9}{Conclusion}{}% 27
\BOOKMARK [2][-]{subsection.9.1}{References}{section.9}% 28
\BOOKMARK [2][-]{subsection.9.2}{Footnotes}{section.9}% 29
\BOOKMARK [1][-]{section.10}{Editorial Policy}{}% 30
\BOOKMARK [1][-]{section.11}{Publication Principles}{}% 31
\BOOKMARK [1][-]{IEEEbiography.0}{Biographies}{}% 32
\BOOKMARK [2][-]{IEEEbiography.1}{First A. Author1}{IEEEbiography.0}% 33
\BOOKMARK [2][-]{IEEEbiography.2}{Second B. Author2}{IEEEbiography.0}% 34
\BOOKMARK [2][-]{IEEEbiography.3}{Third C. Author3}{IEEEbiography.0}% 35
